Connecting to database specified by database.yml
Connecting to database specified by database.yml


Started GET "/assets/rails.png" for 127.0.0.1 at 2013-04-11 13:21:14 +0200
Served asset /rails.png - 200 OK (2ms)
Connecting to database specified by database.yml
Connecting to database specified by database.yml
Connecting to database specified by database.yml
Connecting to database specified by database.yml
Connecting to database specified by database.yml


Started GET "/home" for 127.0.0.1 at 2013-04-11 14:58:38 +0200

ActionController::RoutingError (No route matches [GET] "/home"):
  actionpack (3.2.13) lib/action_dispatch/middleware/debug_exceptions.rb:21:in `call'
  actionpack (3.2.13) lib/action_dispatch/middleware/show_exceptions.rb:56:in `call'
  railties (3.2.13) lib/rails/rack/logger.rb:32:in `call_app'
  railties (3.2.13) lib/rails/rack/logger.rb:16:in `block in call'
  activesupport (3.2.13) lib/active_support/tagged_logging.rb:22:in `tagged'
  railties (3.2.13) lib/rails/rack/logger.rb:16:in `call'
  actionpack (3.2.13) lib/action_dispatch/middleware/request_id.rb:22:in `call'
  rack (1.4.5) lib/rack/methodoverride.rb:21:in `call'
  rack (1.4.5) lib/rack/runtime.rb:17:in `call'
  activesupport (3.2.13) lib/active_support/cache/strategy/local_cache.rb:72:in `call'
  rack (1.4.5) lib/rack/lock.rb:15:in `call'
  actionpack (3.2.13) lib/action_dispatch/middleware/static.rb:63:in `call'
  railties (3.2.13) lib/rails/engine.rb:479:in `call'
  railties (3.2.13) lib/rails/application.rb:223:in `call'
  rack (1.4.5) lib/rack/content_length.rb:14:in `call'
  railties (3.2.13) lib/rails/rack/log_tailer.rb:17:in `call'
  rack (1.4.5) lib/rack/handler/webrick.rb:59:in `service'
  /home/ckyony/.rvm/rubies/ruby-2.0.0-p0/lib/ruby/2.0.0/webrick/httpserver.rb:138:in `service'
  /home/ckyony/.rvm/rubies/ruby-2.0.0-p0/lib/ruby/2.0.0/webrick/httpserver.rb:94:in `run'
  /home/ckyony/.rvm/rubies/ruby-2.0.0-p0/lib/ruby/2.0.0/webrick/server.rb:295:in `block in start_thread'


  Rendered /home/ckyony/.rvm/gems/ruby-2.0.0-p0@rails3.2.13/gems/actionpack-3.2.13/lib/action_dispatch/middleware/templates/rescues/routing_error.erb within rescues/layout (0.8ms)
Connecting to database specified by database.yml


Started GET "/home" for 127.0.0.1 at 2013-04-11 14:58:57 +0200

ActionController::RoutingError (No route matches [GET] "/home"):
  actionpack (3.2.13) lib/action_dispatch/middleware/debug_exceptions.rb:21:in `call'
  actionpack (3.2.13) lib/action_dispatch/middleware/show_exceptions.rb:56:in `call'
  railties (3.2.13) lib/rails/rack/logger.rb:32:in `call_app'
  railties (3.2.13) lib/rails/rack/logger.rb:16:in `block in call'
  activesupport (3.2.13) lib/active_support/tagged_logging.rb:22:in `tagged'
  railties (3.2.13) lib/rails/rack/logger.rb:16:in `call'
  actionpack (3.2.13) lib/action_dispatch/middleware/request_id.rb:22:in `call'
  rack (1.4.5) lib/rack/methodoverride.rb:21:in `call'
  rack (1.4.5) lib/rack/runtime.rb:17:in `call'
  activesupport (3.2.13) lib/active_support/cache/strategy/local_cache.rb:72:in `call'
  rack (1.4.5) lib/rack/lock.rb:15:in `call'
  actionpack (3.2.13) lib/action_dispatch/middleware/static.rb:63:in `call'
  railties (3.2.13) lib/rails/engine.rb:479:in `call'
  railties (3.2.13) lib/rails/application.rb:223:in `call'
  rack (1.4.5) lib/rack/content_length.rb:14:in `call'
  railties (3.2.13) lib/rails/rack/log_tailer.rb:17:in `call'
  rack (1.4.5) lib/rack/handler/webrick.rb:59:in `service'
  /home/ckyony/.rvm/rubies/ruby-2.0.0-p0/lib/ruby/2.0.0/webrick/httpserver.rb:138:in `service'
  /home/ckyony/.rvm/rubies/ruby-2.0.0-p0/lib/ruby/2.0.0/webrick/httpserver.rb:94:in `run'
  /home/ckyony/.rvm/rubies/ruby-2.0.0-p0/lib/ruby/2.0.0/webrick/server.rb:295:in `block in start_thread'


  Rendered /home/ckyony/.rvm/gems/ruby-2.0.0-p0@rails3.2.13/gems/actionpack-3.2.13/lib/action_dispatch/middleware/templates/rescues/routing_error.erb within rescues/layout (0.8ms)


Started GET "/home" for 127.0.0.1 at 2013-04-11 14:59:01 +0200

ActionController::RoutingError (No route matches [GET] "/home"):
  actionpack (3.2.13) lib/action_dispatch/middleware/debug_exceptions.rb:21:in `call'
  actionpack (3.2.13) lib/action_dispatch/middleware/show_exceptions.rb:56:in `call'
  railties (3.2.13) lib/rails/rack/logger.rb:32:in `call_app'
  railties (3.2.13) lib/rails/rack/logger.rb:16:in `block in call'
  activesupport (3.2.13) lib/active_support/tagged_logging.rb:22:in `tagged'
  railties (3.2.13) lib/rails/rack/logger.rb:16:in `call'
  actionpack (3.2.13) lib/action_dispatch/middleware/request_id.rb:22:in `call'
  rack (1.4.5) lib/rack/methodoverride.rb:21:in `call'
  rack (1.4.5) lib/rack/runtime.rb:17:in `call'
  activesupport (3.2.13) lib/active_support/cache/strategy/local_cache.rb:72:in `call'
  rack (1.4.5) lib/rack/lock.rb:15:in `call'
  actionpack (3.2.13) lib/action_dispatch/middleware/static.rb:63:in `call'
  railties (3.2.13) lib/rails/engine.rb:479:in `call'
  railties (3.2.13) lib/rails/application.rb:223:in `call'
  rack (1.4.5) lib/rack/content_length.rb:14:in `call'
  railties (3.2.13) lib/rails/rack/log_tailer.rb:17:in `call'
  rack (1.4.5) lib/rack/handler/webrick.rb:59:in `service'
  /home/ckyony/.rvm/rubies/ruby-2.0.0-p0/lib/ruby/2.0.0/webrick/httpserver.rb:138:in `service'
  /home/ckyony/.rvm/rubies/ruby-2.0.0-p0/lib/ruby/2.0.0/webrick/httpserver.rb:94:in `run'
  /home/ckyony/.rvm/rubies/ruby-2.0.0-p0/lib/ruby/2.0.0/webrick/server.rb:295:in `block in start_thread'


  Rendered /home/ckyony/.rvm/gems/ruby-2.0.0-p0@rails3.2.13/gems/actionpack-3.2.13/lib/action_dispatch/middleware/templates/rescues/routing_error.erb within rescues/layout (0.5ms)


Started GET "/static_pages/home" for 127.0.0.1 at 2013-04-11 14:59:42 +0200
Processing by StaticPagesController#home as HTML
  Rendered static_pages/home.html.erb within layouts/application (0.2ms)
Compiled static_pages.css  (6ms)  (pid 7450)
Compiled application.css  (11ms)  (pid 7450)
Compiled jquery.js  (3ms)  (pid 7450)
Compiled jquery_ujs.js  (0ms)  (pid 7450)
Compiled static_pages.js  (164ms)  (pid 7450)
Compiled application.js  (201ms)  (pid 7450)
Completed 200 OK in 238ms (Views: 237.7ms | ActiveRecord: 0.0ms)


Started GET "/assets/application.css?body=1" for 127.0.0.1 at 2013-04-11 14:59:42 +0200
Served asset /application.css - 200 OK (12ms)


Started GET "/assets/static_pages.css?body=1" for 127.0.0.1 at 2013-04-11 14:59:42 +0200
Served asset /static_pages.css - 200 OK (5ms)


Started GET "/assets/jquery_ujs.js?body=1" for 127.0.0.1 at 2013-04-11 14:59:42 +0200
Served asset /jquery_ujs.js - 200 OK (4ms)


Started GET "/assets/jquery.js?body=1" for 127.0.0.1 at 2013-04-11 14:59:42 +0200
Served asset /jquery.js - 200 OK (7ms)


Started GET "/assets/application.js?body=1" for 127.0.0.1 at 2013-04-11 14:59:42 +0200
Served asset /application.js - 200 OK (23ms)


Started GET "/assets/static_pages.js?body=1" for 127.0.0.1 at 2013-04-11 14:59:42 +0200
Served asset /static_pages.js - 200 OK (1ms)


Started GET "/static_pages/home" for 127.0.0.1 at 2013-04-11 15:00:26 +0200

ArgumentError (missing :action):
  config/routes.rb:2:in `block in <top (required)>'
  config/routes.rb:1:in `<top (required)>'


  Rendered /home/ckyony/.rvm/gems/ruby-2.0.0-p0@rails3.2.13/gems/actionpack-3.2.13/lib/action_dispatch/middleware/templates/rescues/_trace.erb (0.9ms)
  Rendered /home/ckyony/.rvm/gems/ruby-2.0.0-p0@rails3.2.13/gems/actionpack-3.2.13/lib/action_dispatch/middleware/templates/rescues/_request_and_response.erb (0.8ms)
  Rendered /home/ckyony/.rvm/gems/ruby-2.0.0-p0@rails3.2.13/gems/actionpack-3.2.13/lib/action_dispatch/middleware/templates/rescues/diagnostics.erb within rescues/layout (5.9ms)


Started GET "/static_pages/home" for 127.0.0.1 at 2013-04-11 15:01:03 +0200

ActionController::RoutingError (No route matches [GET] "/static_pages/home"):
  actionpack (3.2.13) lib/action_dispatch/middleware/debug_exceptions.rb:21:in `call'
  actionpack (3.2.13) lib/action_dispatch/middleware/show_exceptions.rb:56:in `call'
  railties (3.2.13) lib/rails/rack/logger.rb:32:in `call_app'
  railties (3.2.13) lib/rails/rack/logger.rb:16:in `block in call'
  activesupport (3.2.13) lib/active_support/tagged_logging.rb:22:in `tagged'
  railties (3.2.13) lib/rails/rack/logger.rb:16:in `call'
  actionpack (3.2.13) lib/action_dispatch/middleware/request_id.rb:22:in `call'
  rack (1.4.5) lib/rack/methodoverride.rb:21:in `call'
  rack (1.4.5) lib/rack/runtime.rb:17:in `call'
  activesupport (3.2.13) lib/active_support/cache/strategy/local_cache.rb:72:in `call'
  rack (1.4.5) lib/rack/lock.rb:15:in `call'
  actionpack (3.2.13) lib/action_dispatch/middleware/static.rb:63:in `call'
  railties (3.2.13) lib/rails/engine.rb:479:in `call'
  railties (3.2.13) lib/rails/application.rb:223:in `call'
  rack (1.4.5) lib/rack/content_length.rb:14:in `call'
  railties (3.2.13) lib/rails/rack/log_tailer.rb:17:in `call'
  rack (1.4.5) lib/rack/handler/webrick.rb:59:in `service'
  /home/ckyony/.rvm/rubies/ruby-2.0.0-p0/lib/ruby/2.0.0/webrick/httpserver.rb:138:in `service'
  /home/ckyony/.rvm/rubies/ruby-2.0.0-p0/lib/ruby/2.0.0/webrick/httpserver.rb:94:in `run'
  /home/ckyony/.rvm/rubies/ruby-2.0.0-p0/lib/ruby/2.0.0/webrick/server.rb:295:in `block in start_thread'


  Rendered /home/ckyony/.rvm/gems/ruby-2.0.0-p0@rails3.2.13/gems/actionpack-3.2.13/lib/action_dispatch/middleware/templates/rescues/routing_error.erb within rescues/layout (0.5ms)


Started GET "/static_pages/home" for 127.0.0.1 at 2013-04-11 15:01:26 +0200
Processing by StaticPagesController#home as HTML
  Rendered static_pages/home.html.erb within layouts/application (0.0ms)
Completed 200 OK in 7ms (Views: 6.5ms | ActiveRecord: 0.0ms)


Started GET "/assets/application.css?body=1" for 127.0.0.1 at 2013-04-11 15:01:26 +0200
Served asset /application.css - 304 Not Modified (2ms)


Started GET "/assets/static_pages.css?body=1" for 127.0.0.1 at 2013-04-11 15:01:26 +0200
Served asset /static_pages.css - 304 Not Modified (4ms)


Started GET "/assets/jquery.js?body=1" for 127.0.0.1 at 2013-04-11 15:01:26 +0200
Served asset /jquery.js - 304 Not Modified (2ms)


Started GET "/assets/jquery_ujs.js?body=1" for 127.0.0.1 at 2013-04-11 15:01:26 +0200
Served asset /jquery_ujs.js - 304 Not Modified (0ms)


Started GET "/assets/static_pages.js?body=1" for 127.0.0.1 at 2013-04-11 15:01:26 +0200
Served asset /static_pages.js - 304 Not Modified (0ms)


Started GET "/assets/application.js?body=1" for 127.0.0.1 at 2013-04-11 15:01:26 +0200
Served asset /application.js - 304 Not Modified (2ms)


Started GET "/static_pages/home" for 127.0.0.1 at 2013-04-11 15:06:50 +0200
Processing by StaticPagesController#home as HTML
  Rendered static_pages/home.html.erb within layouts/application (0.9ms)
Completed 200 OK in 17ms (Views: 16.5ms | ActiveRecord: 0.0ms)


Started GET "/assets/application.css?body=1" for 127.0.0.1 at 2013-04-11 15:06:50 +0200
Served asset /application.css - 304 Not Modified (3ms)


Started GET "/assets/static_pages.css?body=1" for 127.0.0.1 at 2013-04-11 15:06:50 +0200
Served asset /static_pages.css - 304 Not Modified (1ms)


Started GET "/assets/jquery.js?body=1" for 127.0.0.1 at 2013-04-11 15:06:50 +0200
Served asset /jquery.js - 304 Not Modified (2ms)


Started GET "/assets/jquery_ujs.js?body=1" for 127.0.0.1 at 2013-04-11 15:06:50 +0200
Served asset /jquery_ujs.js - 304 Not Modified (0ms)


Started GET "/assets/static_pages.js?body=1" for 127.0.0.1 at 2013-04-11 15:06:50 +0200
Served asset /static_pages.js - 304 Not Modified (0ms)


Started GET "/assets/application.js?body=1" for 127.0.0.1 at 2013-04-11 15:06:50 +0200
Served asset /application.js - 304 Not Modified (1ms)
Connecting to database specified by database.yml
