Compiled jquery.js  (2ms)  (pid 9997)
Compiled jquery_ujs.js  (19ms)  (pid 9997)
Compiled static_pages.js  (167ms)  (pid 9997)
Compiled application.js  (200ms)  (pid 9997)
Compiled custom.css  (1299ms)  (pid 9997)
Compiled static_pages.css  (0ms)  (pid 9997)
Compiled application.css  (1305ms)  (pid 9997)
Compiled jquery.js  (2ms)  (pid 9997)
Compiled jquery_ujs.js  (18ms)  (pid 9997)
Compiled static_pages.js  (113ms)  (pid 9997)
Compiled application.js  (145ms)  (pid 9997)
Compiled custom.css  (1207ms)  (pid 9997)
Compiled static_pages.css  (0ms)  (pid 9997)
Compiled application.css  (1213ms)  (pid 9997)
Compiled jquery.js  (2ms)  (pid 12704)
Compiled jquery_ujs.js  (0ms)  (pid 12704)
Compiled static_pages.js  (121ms)  (pid 12704)
Compiled application.js  (136ms)  (pid 12704)
Compiled custom.css  (1227ms)  (pid 12704)
Compiled static_pages.css  (0ms)  (pid 12704)
Compiled application.css  (1233ms)  (pid 12704)
Compiled jquery.js  (2ms)  (pid 12704)
Compiled jquery_ujs.js  (0ms)  (pid 12704)
Compiled static_pages.js  (128ms)  (pid 12704)
Compiled application.js  (142ms)  (pid 12704)
Compiled custom.css  (1197ms)  (pid 12704)
Compiled static_pages.css  (0ms)  (pid 12704)
Compiled application.css  (1233ms)  (pid 12704)
Compiled jquery.js  (22ms)  (pid 14458)
Compiled jquery_ujs.js  (0ms)  (pid 14458)
Compiled static_pages.js  (108ms)  (pid 14458)
Compiled application.js  (143ms)  (pid 14458)
Compiled custom.css  (1227ms)  (pid 14458)
Compiled static_pages.css  (0ms)  (pid 14458)
Compiled application.css  (1233ms)  (pid 14458)
Compiled jquery.js  (2ms)  (pid 14458)
Compiled jquery_ujs.js  (0ms)  (pid 14458)
Compiled static_pages.js  (124ms)  (pid 14458)
Compiled application.js  (139ms)  (pid 14458)
Compiled custom.css  (1203ms)  (pid 14458)
Compiled static_pages.css  (0ms)  (pid 14458)
Compiled application.css  (1238ms)  (pid 14458)
Compiled jquery.js  (2ms)  (pid 27740)
Compiled jquery_ujs.js  (0ms)  (pid 27740)
Compiled bootstrap-transition.js  (0ms)  (pid 27740)
Compiled bootstrap-affix.js  (0ms)  (pid 27740)
Compiled bootstrap-alert.js  (0ms)  (pid 27740)
Compiled bootstrap-button.js  (0ms)  (pid 27740)
Compiled bootstrap-carousel.js  (0ms)  (pid 27740)
Compiled bootstrap-collapse.js  (0ms)  (pid 27740)
Compiled bootstrap-dropdown.js  (0ms)  (pid 27740)
Compiled bootstrap-modal.js  (0ms)  (pid 27740)
Compiled bootstrap-scrollspy.js  (0ms)  (pid 27740)
Compiled bootstrap-tab.js  (0ms)  (pid 27740)
Compiled bootstrap-tooltip.js  (0ms)  (pid 27740)
Compiled bootstrap-popover.js  (0ms)  (pid 27740)
Compiled bootstrap-typeahead.js  (0ms)  (pid 27740)
Compiled bootstrap.js  (49ms)  (pid 27740)
Compiled static_pages.js  (96ms)  (pid 27740)
Compiled application.js  (163ms)  (pid 27740)
Compiled custom.css  (1241ms)  (pid 27740)
Compiled static_pages.css  (0ms)  (pid 27740)
Compiled application.css  (1247ms)  (pid 27740)
Compiled jquery.js  (3ms)  (pid 27740)
Compiled jquery_ujs.js  (0ms)  (pid 27740)
Compiled bootstrap-transition.js  (0ms)  (pid 27740)
Compiled bootstrap-affix.js  (0ms)  (pid 27740)
Compiled bootstrap-alert.js  (0ms)  (pid 27740)
Compiled bootstrap-button.js  (0ms)  (pid 27740)
Compiled bootstrap-carousel.js  (0ms)  (pid 27740)
Compiled bootstrap-collapse.js  (0ms)  (pid 27740)
Compiled bootstrap-dropdown.js  (0ms)  (pid 27740)
Compiled bootstrap-modal.js  (0ms)  (pid 27740)
Compiled bootstrap-scrollspy.js  (0ms)  (pid 27740)
Compiled bootstrap-tab.js  (0ms)  (pid 27740)
Compiled bootstrap-tooltip.js  (0ms)  (pid 27740)
Compiled bootstrap-popover.js  (0ms)  (pid 27740)
Compiled bootstrap-typeahead.js  (0ms)  (pid 27740)
Compiled bootstrap.js  (48ms)  (pid 27740)
Compiled static_pages.js  (103ms)  (pid 27740)
Compiled application.js  (168ms)  (pid 27740)
Compiled custom.css  (1206ms)  (pid 27740)
Compiled static_pages.css  (0ms)  (pid 27740)
Compiled application.css  (1212ms)  (pid 27740)
